  AdvancedOpenGL.cpp
c:\users\john\desktop\opengl\advancedopengl\advancedopengl.cpp(37): warning C4244: “初始化”: 从“double”转换到“float”，可能丢失数据
c:\users\john\desktop\opengl\advancedopengl\advancedopengl.cpp(38): warning C4244: “初始化”: 从“double”转换到“float”，可能丢失数据
c:\users\john\desktop\opengl\advancedopengl\advancedopengl.cpp(54): warning C4244: “参数”: 从“const float”转换到“int”，可能丢失数据
c:\users\john\desktop\opengl\advancedopengl\advancedopengl.cpp(117): warning C4244: “=”: 从“double”转换到“float”，可能丢失数据
c:\users\john\desktop\opengl\advancedopengl\advancedopengl.cpp(118): warning C4244: “=”: 从“double”转换到“float”，可能丢失数据
c:\users\john\desktop\opengl\advancedopengl\advancedopengl.cpp(122): warning C4244: “初始化”: 从“double”转换到“float”，可能丢失数据
c:\users\john\desktop\opengl\advancedopengl\advancedopengl.cpp(123): warning C4244: “初始化”: 从“double”转换到“float”，可能丢失数据
c:\users\john\desktop\opengl\advancedopengl\advancedopengl.cpp(125): warning C4244: “=”: 从“double”转换到“float”，可能丢失数据
c:\users\john\desktop\opengl\advancedopengl\advancedopengl.cpp(126): warning C4244: “=”: 从“double”转换到“float”，可能丢失数据
c:\users\john\desktop\opengl\advancedopengl\advancedopengl.cpp(135): warning C4244: “参数”: 从“double”转换到“float”，可能丢失数据
c:\users\john\desktop\opengl\advancedopengl\advancedopengl.cpp(285): warning C4244: “初始化”: 从“double”转换到“float”，可能丢失数据
c:\users\john\desktop\opengl\advancedopengl\advancedopengl.cpp(286): warning C4244: “初始化”: 从“double”转换到“float”，可能丢失数据
c:\users\john\desktop\opengl\advancedopengl\advancedopengl.cpp(454): warning C4838: 从“FT_Pos”转换到“GLuint”需要收缩转换
c:\users\john\desktop\opengl\advancedopengl\advancedopengl.cpp(494): warning C4244: “初始化”: 从“double”转换到“float”，可能丢失数据
c:\users\john\desktop\opengl\advancedopengl\advancedopengl.cpp(495): warning C4244: “初始化”: 从“double”转换到“float”，可能丢失数据
c:\users\john\desktop\opengl\advancedopengl\advancedopengl.cpp(559): warning C4244: “初始化”: 从“int”转换到“GLfloat”，可能丢失数据
c:\users\john\desktop\opengl\advancedopengl\advancedopengl.cpp(576): warning C4244: “初始化”: 从“int”转换到“GLfloat”，可能丢失数据
c:\users\john\desktop\opengl\advancedopengl\advancedopengl.cpp(578): warning C4244: “初始化”: 从“int”转换到“GLfloat”，可能丢失数据
  glad.c
c:\program files (x86)\windows kits\10\include\10.0.10240.0\shared\minwindef.h(130): warning C4005: “APIENTRY”: 宏重定义
  c:\users\john\desktop\opengl\advancedopengl\glad\glad\glad.h(32): note: 参见“APIENTRY”的前一个定义
LINK : fatal error LNK1104: 无法打开文件“glfw3.lib”
