  AdvancedOpenGL.cpp
c:\users\john\desktop\opengl\advancedopengl\mesh.h(88): warning C4267: “参数”: 从“size_t”转换到“GLsizei”，可能丢失数据
c:\users\john\desktop\opengl\advancedopengl\advancedopengl.cpp(37): warning C4244: “初始化”: 从“double”转换到“float”，可能丢失数据
c:\users\john\desktop\opengl\advancedopengl\advancedopengl.cpp(38): warning C4244: “初始化”: 从“double”转换到“float”，可能丢失数据
c:\users\john\desktop\opengl\advancedopengl\advancedopengl.cpp(54): warning C4244: “参数”: 从“const float”转换到“int”，可能丢失数据
c:\users\john\desktop\opengl\advancedopengl\advancedopengl.cpp(117): warning C4244: “=”: 从“double”转换到“float”，可能丢失数据
c:\users\john\desktop\opengl\advancedopengl\advancedopengl.cpp(118): warning C4244: “=”: 从“double”转换到“float”，可能丢失数据
c:\users\john\desktop\opengl\advancedopengl\advancedopengl.cpp(122): warning C4244: “初始化”: 从“double”转换到“float”，可能丢失数据
c:\users\john\desktop\opengl\advancedopengl\advancedopengl.cpp(123): warning C4244: “初始化”: 从“double”转换到“float”，可能丢失数据
c:\users\john\desktop\opengl\advancedopengl\advancedopengl.cpp(125): warning C4244: “=”: 从“double”转换到“float”，可能丢失数据
c:\users\john\desktop\opengl\advancedopengl\advancedopengl.cpp(126): warning C4244: “=”: 从“double”转换到“float”，可能丢失数据
c:\users\john\desktop\opengl\advancedopengl\advancedopengl.cpp(135): warning C4244: “参数”: 从“double”转换到“float”，可能丢失数据
c:\users\john\desktop\opengl\advancedopengl\advancedopengl.cpp(285): warning C4244: “初始化”: 从“double”转换到“float”，可能丢失数据
c:\users\john\desktop\opengl\advancedopengl\advancedopengl.cpp(286): warning C4244: “初始化”: 从“double”转换到“float”，可能丢失数据
c:\users\john\desktop\opengl\advancedopengl\advancedopengl.cpp(454): warning C4838: 从“FT_Pos”转换到“GLuint”需要收缩转换
c:\users\john\desktop\opengl\advancedopengl\advancedopengl.cpp(494): warning C4244: “初始化”: 从“double”转换到“float”，可能丢失数据
c:\users\john\desktop\opengl\advancedopengl\advancedopengl.cpp(495): warning C4244: “初始化”: 从“double”转换到“float”，可能丢失数据
c:\users\john\desktop\opengl\advancedopengl\advancedopengl.cpp(559): warning C4244: “初始化”: 从“int”转换到“GLfloat”，可能丢失数据
c:\users\john\desktop\opengl\advancedopengl\advancedopengl.cpp(576): warning C4244: “初始化”: 从“int”转换到“GLfloat”，可能丢失数据
c:\users\john\desktop\opengl\advancedopengl\advancedopengl.cpp(578): warning C4244: “初始化”: 从“int”转换到“GLfloat”，可能丢失数据
  glad.c
c:\program files (x86)\windows kits\8.1\include\shared\minwindef.h(130): warning C4005: “APIENTRY”: 宏重定义
  c:\users\john\desktop\opengl\advancedopengl\glad\glad\glad.h(32): note: 参见“APIENTRY”的前一个定义
    正在创建库 C:\Users\john\Desktop\OpenGL\x64\Debug\AdvancedOpenGL.lib 和对象 C:\Users\john\Desktop\OpenGL\x64\Debug\AdvancedOpenGL.exp
LINK : warning LNK4098: 默认库“MSVCRTD”与其他库的使用冲突；请使用 /NODEFAULTLIB:library
LINK : warning LNK4098: 默认库“LIBCMTD”与其他库的使用冲突；请使用 /NODEFAULTLIB:library
glfw3d64.lib(context.obj) : warning LNK4099: 未找到 PDB“glfw.pdb”(使用“glfw3d64.lib(context.obj)”或在“C:\Users\john\Desktop\OpenGL\x64\Debug\glfw.pdb”中寻找)；正在链接对象，如同没有调试信息一样
glfw3d64.lib(init.obj) : warning LNK4099: 未找到 PDB“glfw.pdb”(使用“glfw3d64.lib(init.obj)”或在“C:\Users\john\Desktop\OpenGL\x64\Debug\glfw.pdb”中寻找)；正在链接对象，如同没有调试信息一样
glfw3d64.lib(input.obj) : warning LNK4099: 未找到 PDB“glfw.pdb”(使用“glfw3d64.lib(input.obj)”或在“C:\Users\john\Desktop\OpenGL\x64\Debug\glfw.pdb”中寻找)；正在链接对象，如同没有调试信息一样
glfw3d64.lib(monitor.obj) : warning LNK4099: 未找到 PDB“glfw.pdb”(使用“glfw3d64.lib(monitor.obj)”或在“C:\Users\john\Desktop\OpenGL\x64\Debug\glfw.pdb”中寻找)；正在链接对象，如同没有调试信息一样
glfw3d64.lib(vulkan.obj) : warning LNK4099: 未找到 PDB“glfw.pdb”(使用“glfw3d64.lib(vulkan.obj)”或在“C:\Users\john\Desktop\OpenGL\x64\Debug\glfw.pdb”中寻找)；正在链接对象，如同没有调试信息一样
glfw3d64.lib(window.obj) : warning LNK4099: 未找到 PDB“glfw.pdb”(使用“glfw3d64.lib(window.obj)”或在“C:\Users\john\Desktop\OpenGL\x64\Debug\glfw.pdb”中寻找)；正在链接对象，如同没有调试信息一样
glfw3d64.lib(win32_init.obj) : warning LNK4099: 未找到 PDB“glfw.pdb”(使用“glfw3d64.lib(win32_init.obj)”或在“C:\Users\john\Desktop\OpenGL\x64\Debug\glfw.pdb”中寻找)；正在链接对象，如同没有调试信息一样
glfw3d64.lib(win32_joystick.obj) : warning LNK4099: 未找到 PDB“glfw.pdb”(使用“glfw3d64.lib(win32_joystick.obj)”或在“C:\Users\john\Desktop\OpenGL\x64\Debug\glfw.pdb”中寻找)；正在链接对象，如同没有调试信息一样
glfw3d64.lib(win32_monitor.obj) : warning LNK4099: 未找到 PDB“glfw.pdb”(使用“glfw3d64.lib(win32_monitor.obj)”或在“C:\Users\john\Desktop\OpenGL\x64\Debug\glfw.pdb”中寻找)；正在链接对象，如同没有调试信息一样
glfw3d64.lib(win32_time.obj) : warning LNK4099: 未找到 PDB“glfw.pdb”(使用“glfw3d64.lib(win32_time.obj)”或在“C:\Users\john\Desktop\OpenGL\x64\Debug\glfw.pdb”中寻找)；正在链接对象，如同没有调试信息一样
glfw3d64.lib(win32_thread.obj) : warning LNK4099: 未找到 PDB“glfw.pdb”(使用“glfw3d64.lib(win32_thread.obj)”或在“C:\Users\john\Desktop\OpenGL\x64\Debug\glfw.pdb”中寻找)；正在链接对象，如同没有调试信息一样
glfw3d64.lib(win32_window.obj) : warning LNK4099: 未找到 PDB“glfw.pdb”(使用“glfw3d64.lib(win32_window.obj)”或在“C:\Users\john\Desktop\OpenGL\x64\Debug\glfw.pdb”中寻找)；正在链接对象，如同没有调试信息一样
glfw3d64.lib(wgl_context.obj) : warning LNK4099: 未找到 PDB“glfw.pdb”(使用“glfw3d64.lib(wgl_context.obj)”或在“C:\Users\john\Desktop\OpenGL\x64\Debug\glfw.pdb”中寻找)；正在链接对象，如同没有调试信息一样
glfw3d64.lib(egl_context.obj) : warning LNK4099: 未找到 PDB“glfw.pdb”(使用“glfw3d64.lib(egl_context.obj)”或在“C:\Users\john\Desktop\OpenGL\x64\Debug\glfw.pdb”中寻找)；正在链接对象，如同没有调试信息一样
glfw3d64.lib(osmesa_context.obj) : warning LNK4099: 未找到 PDB“glfw.pdb”(使用“glfw3d64.lib(osmesa_context.obj)”或在“C:\Users\john\Desktop\OpenGL\x64\Debug\glfw.pdb”中寻找)；正在链接对象，如同没有调试信息一样
freetype.lib(autofit.obj) : warning LNK4099: 未找到 PDB“freetype.pdb”(使用“freetype.lib(autofit.obj)”或在“C:\Users\john\Desktop\OpenGL\x64\Debug\freetype.pdb”中寻找)；正在链接对象，如同没有调试信息一样
freetype.lib(ftbase.obj) : warning LNK4099: 未找到 PDB“freetype.pdb”(使用“freetype.lib(ftbase.obj)”或在“C:\Users\john\Desktop\OpenGL\x64\Debug\freetype.pdb”中寻找)；正在链接对象，如同没有调试信息一样
freetype.lib(ftbitmap.obj) : warning LNK4099: 未找到 PDB“freetype.pdb”(使用“freetype.lib(ftbitmap.obj)”或在“C:\Users\john\Desktop\OpenGL\x64\Debug\freetype.pdb”中寻找)；正在链接对象，如同没有调试信息一样
freetype.lib(ftinit.obj) : warning LNK4099: 未找到 PDB“freetype.pdb”(使用“freetype.lib(ftinit.obj)”或在“C:\Users\john\Desktop\OpenGL\x64\Debug\freetype.pdb”中寻找)；正在链接对象，如同没有调试信息一样
freetype.lib(ftsystem.obj) : warning LNK4099: 未找到 PDB“freetype.pdb”(使用“freetype.lib(ftsystem.obj)”或在“C:\Users\john\Desktop\OpenGL\x64\Debug\freetype.pdb”中寻找)；正在链接对象，如同没有调试信息一样
freetype.lib(bdf.obj) : warning LNK4099: 未找到 PDB“freetype.pdb”(使用“freetype.lib(bdf.obj)”或在“C:\Users\john\Desktop\OpenGL\x64\Debug\freetype.pdb”中寻找)；正在链接对象，如同没有调试信息一样
freetype.lib(cff.obj) : warning LNK4099: 未找到 PDB“freetype.pdb”(使用“freetype.lib(cff.obj)”或在“C:\Users\john\Desktop\OpenGL\x64\Debug\freetype.pdb”中寻找)；正在链接对象，如同没有调试信息一样
freetype.lib(type1cid.obj) : warning LNK4099: 未找到 PDB“freetype.pdb”(使用“freetype.lib(type1cid.obj)”或在“C:\Users\john\Desktop\OpenGL\x64\Debug\freetype.pdb”中寻找)；正在链接对象，如同没有调试信息一样
freetype.lib(ftgzip.obj) : warning LNK4099: 未找到 PDB“freetype.pdb”(使用“freetype.lib(ftgzip.obj)”或在“C:\Users\john\Desktop\OpenGL\x64\Debug\freetype.pdb”中寻找)；正在链接对象，如同没有调试信息一样
freetype.lib(ftlzw.obj) : warning LNK4099: 未找到 PDB“freetype.pdb”(使用“freetype.lib(ftlzw.obj)”或在“C:\Users\john\Desktop\OpenGL\x64\Debug\freetype.pdb”中寻找)；正在链接对象，如同没有调试信息一样
freetype.lib(pcf.obj) : warning LNK4099: 未找到 PDB“freetype.pdb”(使用“freetype.lib(pcf.obj)”或在“C:\Users\john\Desktop\OpenGL\x64\Debug\freetype.pdb”中寻找)；正在链接对象，如同没有调试信息一样
freetype.lib(pfr.obj) : warning LNK4099: 未找到 PDB“freetype.pdb”(使用“freetype.lib(pfr.obj)”或在“C:\Users\john\Desktop\OpenGL\x64\Debug\freetype.pdb”中寻找)；正在链接对象，如同没有调试信息一样
freetype.lib(psaux.obj) : warning LNK4099: 未找到 PDB“freetype.pdb”(使用“freetype.lib(psaux.obj)”或在“C:\Users\john\Desktop\OpenGL\x64\Debug\freetype.pdb”中寻找)；正在链接对象，如同没有调试信息一样
freetype.lib(pshinter.obj) : warning LNK4099: 未找到 PDB“freetype.pdb”(使用“freetype.lib(pshinter.obj)”或在“C:\Users\john\Desktop\OpenGL\x64\Debug\freetype.pdb”中寻找)；正在链接对象，如同没有调试信息一样
freetype.lib(psmodule.obj) : warning LNK4099: 未找到 PDB“freetype.pdb”(使用“freetype.lib(psmodule.obj)”或在“C:\Users\john\Desktop\OpenGL\x64\Debug\freetype.pdb”中寻找)；正在链接对象，如同没有调试信息一样
freetype.lib(raster.obj) : warning LNK4099: 未找到 PDB“freetype.pdb”(使用“freetype.lib(raster.obj)”或在“C:\Users\john\Desktop\OpenGL\x64\Debug\freetype.pdb”中寻找)；正在链接对象，如同没有调试信息一样
freetype.lib(sfnt.obj) : warning LNK4099: 未找到 PDB“freetype.pdb”(使用“freetype.lib(sfnt.obj)”或在“C:\Users\john\Desktop\OpenGL\x64\Debug\freetype.pdb”中寻找)；正在链接对象，如同没有调试信息一样
freetype.lib(smooth.obj) : warning LNK4099: 未找到 PDB“freetype.pdb”(使用“freetype.lib(smooth.obj)”或在“C:\Users\john\Desktop\OpenGL\x64\Debug\freetype.pdb”中寻找)；正在链接对象，如同没有调试信息一样
freetype.lib(truetype.obj) : warning LNK4099: 未找到 PDB“freetype.pdb”(使用“freetype.lib(truetype.obj)”或在“C:\Users\john\Desktop\OpenGL\x64\Debug\freetype.pdb”中寻找)；正在链接对象，如同没有调试信息一样
freetype.lib(type1.obj) : warning LNK4099: 未找到 PDB“freetype.pdb”(使用“freetype.lib(type1.obj)”或在“C:\Users\john\Desktop\OpenGL\x64\Debug\freetype.pdb”中寻找)；正在链接对象，如同没有调试信息一样
freetype.lib(type42.obj) : warning LNK4099: 未找到 PDB“freetype.pdb”(使用“freetype.lib(type42.obj)”或在“C:\Users\john\Desktop\OpenGL\x64\Debug\freetype.pdb”中寻找)；正在链接对象，如同没有调试信息一样
freetype.lib(winfnt.obj) : warning LNK4099: 未找到 PDB“freetype.pdb”(使用“freetype.lib(winfnt.obj)”或在“C:\Users\john\Desktop\OpenGL\x64\Debug\freetype.pdb”中寻找)；正在链接对象，如同没有调试信息一样
freetype.lib(ftdebug.obj) : warning LNK4099: 未找到 PDB“freetype.pdb”(使用“freetype.lib(ftdebug.obj)”或在“C:\Users\john\Desktop\OpenGL\x64\Debug\freetype.pdb”中寻找)；正在链接对象，如同没有调试信息一样
  AdvancedOpenGL.vcxproj -> C:\Users\john\Desktop\OpenGL\x64\Debug\AdvancedOpenGL.exe
  AdvancedOpenGL.vcxproj -> C:\Users\john\Desktop\OpenGL\x64\Debug\AdvancedOpenGL.pdb (Partial PDB)
